<?xml version="1.0" encoding="UTF-8"?>
<testng-results skipped="0" failed="0" ignored="0" total="2" passed="2">
  <reporter-output>
  </reporter-output>
  <suite name="testsOfCart" duration-ms="37728" started-at="2017-12-16T15:49:49Z" finished-at="2017-12-16T15:50:26Z">
    <groups>
    </groups>
    <test name="Test" duration-ms="37728" started-at="2017-12-16T15:49:49Z" finished-at="2017-12-16T15:50:26Z">
      <class name="testsOfCart">
        <test-method status="PASS" signature="openBaseUrl()[pri:0, instance:testsOfCart@42f30e0a]" name="openBaseUrl" is-config="true" duration-ms="5094" started-at="2017-12-16T16:49:49Z" finished-at="2017-12-16T16:49:54Z">
          <reporter-output>
          </reporter-output>
        </test-method> <!-- openBaseUrl -->
        <test-method status="PASS" signature="checkSubtotalPrice()[pri:0, instance:testsOfCart@42f30e0a]" name="checkSubtotalPrice" duration-ms="13933" started-at="2017-12-16T16:49:54Z" finished-at="2017-12-16T16:50:08Z">
          <reporter-output>
          </reporter-output>
        </test-method> <!-- checkSubtotalPrice -->
        <test-method status="PASS" signature="closeBrowser()[pri:0, instance:testsOfCart@42f30e0a]" name="closeBrowser" is-config="true" duration-ms="131" started-at="2017-12-16T16:50:08Z" finished-at="2017-12-16T16:50:08Z">
          <reporter-output>
          </reporter-output>
        </test-method> <!-- closeBrowser -->
        <test-method status="PASS" signature="openBaseUrl()[pri:0, instance:testsOfCart@42f30e0a]" name="openBaseUrl" is-config="true" duration-ms="4147" started-at="2017-12-16T16:50:08Z" finished-at="2017-12-16T16:50:12Z">
          <reporter-output>
          </reporter-output>
        </test-method> <!-- openBaseUrl -->
        <test-method status="PASS" signature="checkTitle()[pri:0, instance:testsOfCart@42f30e0a]" name="checkTitle" duration-ms="14276" started-at="2017-12-16T16:50:12Z" finished-at="2017-12-16T16:50:26Z">
          <reporter-output>
          </reporter-output>
        </test-method> <!-- checkTitle -->
        <test-method status="PASS" signature="closeBrowser()[pri:0, instance:testsOfCart@42f30e0a]" name="closeBrowser" is-config="true" duration-ms="130" started-at="2017-12-16T16:50:26Z" finished-at="2017-12-16T16:50:26Z">
          <reporter-output>
          </reporter-output>
        </test-method> <!-- closeBrowser -->
      </class> <!-- testsOfCart -->
    </test> <!-- Test -->
  </suite> <!-- testsOfCart -->
</testng-results>
